<?xml version="1.0" encoding="UTF-8"?>
<!-- Generated by org.testng.reporters.JUnitXMLReporter -->
<testsuite ignored="0" hostname="DESKTOP-EC1QUI4" failures="0" tests="15" name="HighPriorityTest" time="36.759" errors="0" timestamp="2022-10-10T10:23:29 IST">
  <testcase classname="com.SauceDemo.TestBaseClass.TestBaseClass" name="@AfterMethod tearDown" time="0.475">
    <failure type="org.openqa.selenium.remote.http.ConnectionFailedException" message="Unable to establish websocket connection to http://127.0.0.1:63234/devtools/browser/446d4f28-b8ff-40ea-a2ea-cf60ccb04468
Build info: version: &amp;apos;4.1.2&amp;apos;, revision: &amp;apos;9a5a329c5a&amp;apos;
System info: host: &amp;apos;DESKTOP-EC1QUI4&amp;apos;, ip: &amp;apos;192.168.227.153&amp;apos;, os.name: &amp;apos;Windows 10&amp;apos;, os.arch: &amp;apos;amd64&amp;apos;, os.version: &amp;apos;10.0&amp;apos;, java.version: &amp;apos;18.0.1&amp;apos;
Driver info: driver.version: RemoteWebDriver">
      <![CDATA[org.openqa.selenium.remote.http.ConnectionFailedException: Unable to establish websocket connection to http://127.0.0.1:63234/devtools/browser/446d4f28-b8ff-40ea-a2ea-cf60ccb04468
Build info: version: '4.1.2', revision: '9a5a329c5a'
System info: host: 'DESKTOP-EC1QUI4', ip: '192.168.227.153', os.name: 'Windows 10', os.arch: 'amd64', os.version: '10.0', java.version: '18.0.1'
Driver info: driver.version: RemoteWebDriver
at org.openqa.selenium.remote.http.netty.NettyWebSocket.<init>(NettyWebSocket.java:104)
at org.openqa.selenium.remote.http.netty.NettyWebSocket.lambda$create$3(NettyWebSocket.java:137)
at org.openqa.selenium.remote.http.netty.NettyClient.openSocket(NettyClient.java:118)
at org.openqa.selenium.devtools.Connection.<init>(Connection.java:77)
at org.openqa.selenium.firefox.FirefoxDriver.maybeGetDevTools(FirefoxDriver.java:310)
at org.openqa.selenium.remote.RemoteWebDriver.close(RemoteWebDriver.java:440)
at com.SauceDemo.TestBaseClass.TestBaseClass.tearDown(TestBaseClass.java:68)
at java.base/java.util.ArrayList.forEach(ArrayList.java:1511)
... Removed 30 stack frames]]>
    </failure>
  </testcase> <!-- @AfterMethod tearDown -->
  <testcase classname="com.SauceDemo.TestBaseClass.TestBaseClass" name="@BeforeMethod setup" time="-1.665377608323E9">
    <skipped/>
  </testcase> <!-- @BeforeMethod setup -->
  <testcase classname="com.SauceDemo.TestBaseClass.TestBaseClass" name="@AfterMethod tearDown" time="-1.66537760835E9">
    <skipped/>
  </testcase> <!-- @AfterMethod tearDown -->
  <testcase classname="com.SauceDemo.TestBaseClass.TestBaseClass" name="@BeforeMethod setup" time="-1.665377608359E9">
    <skipped/>
  </testcase> <!-- @BeforeMethod setup -->
  <testcase classname="com.SauceDemo.TestBaseClass.TestBaseClass" name="@AfterMethod tearDown" time="-1.6653776084E9">
    <skipped/>
  </testcase> <!-- @AfterMethod tearDown -->
  <testcase classname="com.SauceDemo.TestBaseClass.TestBaseClass" name="@BeforeMethod setup" time="-1.665377608403E9">
    <skipped/>
  </testcase> <!-- @BeforeMethod setup -->
  <testcase classname="com.SauceDemo.TestBaseClass.TestBaseClass" name="@AfterMethod tearDown" time="-1.665377608428E9">
    <skipped/>
  </testcase> <!-- @AfterMethod tearDown -->
  <testcase classname="com.SauceDemo.TestBaseClass.TestBaseClass" name="@BeforeMethod setup" time="-1.66537760843E9">
    <skipped/>
  </testcase> <!-- @BeforeMethod setup -->
  <testcase classname="com.SauceDemo.TestBaseClass.TestBaseClass" name="@AfterMethod tearDown" time="-1.665377608437E9">
    <skipped/>
  </testcase> <!-- @AfterMethod tearDown -->
  <testcase classname="com.SauceDemo.TestBaseClass.TestBaseClass" name="@BeforeMethod setup" time="-1.665377608447E9">
    <skipped/>
  </testcase> <!-- @BeforeMethod setup -->
  <testcase classname="com.SauceDemo.TestBaseClass.TestBaseClass" name="@AfterMethod tearDown" time="-1.665377608507E9">
    <skipped/>
  </testcase> <!-- @AfterMethod tearDown -->
  <testcase classname="com.SauceDemo.TestBaseClass.TestBaseClass" name="@BeforeMethod setup" time="-1.665377608511E9">
    <skipped/>
  </testcase> <!-- @BeforeMethod setup -->
  <testcase classname="com.SauceDemo.TestBaseClass.TestBaseClass" name="@AfterMethod tearDown" time="-1.665377608545E9">
    <skipped/>
  </testcase> <!-- @AfterMethod tearDown -->
  <testcase classname="com.SauceDemo.TestBaseClass.TestBaseClass" name="@BeforeMethod setup" time="-1.665377608583E9">
    <skipped/>
  </testcase> <!-- @BeforeMethod setup -->
  <testcase classname="com.SauceDemo.TestBaseClass.TestBaseClass" name="@AfterMethod tearDown" time="-1.665377608612E9">
    <skipped/>
  </testcase> <!-- @AfterMethod tearDown -->
  <testcase classname="com.SauceDemo.TestBaseClass.TestBaseClass" name="@BeforeMethod setup" time="-1.665377608624E9">
    <skipped/>
  </testcase> <!-- @BeforeMethod setup -->
  <testcase classname="com.SauceDemo.TestBaseClass.TestBaseClass" name="@AfterMethod tearDown" time="-1.665377608641E9">
    <skipped/>
  </testcase> <!-- @AfterMethod tearDown -->
  <testcase classname="com.SauceDemo.TestBaseClass.TestBaseClass" name="@BeforeMethod setup" time="-1.665377608776E9">
    <skipped/>
  </testcase> <!-- @BeforeMethod setup -->
  <testcase classname="com.SauceDemo.TestBaseClass.TestBaseClass" name="@AfterMethod tearDown" time="-1.665377608781E9">
    <skipped/>
  </testcase> <!-- @AfterMethod tearDown -->
  <testcase classname="com.SauceDemo.TestBaseClass.TestBaseClass" name="@BeforeMethod setup" time="-1.665377608783E9">
    <skipped/>
  </testcase> <!-- @BeforeMethod setup -->
  <testcase classname="com.SauceDemo.TestBaseClass.TestBaseClass" name="@AfterMethod tearDown" time="-1.665377608787E9">
    <skipped/>
  </testcase> <!-- @AfterMethod tearDown -->
  <testcase classname="com.SauceDemo.TestBaseClass.TestBaseClass" name="@BeforeMethod setup" time="-1.665377608789E9">
    <skipped/>
  </testcase> <!-- @BeforeMethod setup -->
  <testcase classname="com.SauceDemo.TestBaseClass.TestBaseClass" name="@AfterMethod tearDown" time="-1.665377608794E9">
    <skipped/>
  </testcase> <!-- @AfterMethod tearDown -->
  <testcase classname="com.SauceDemo.TestBaseClass.TestBaseClass" name="@BeforeMethod setup" time="-1.665377608795E9">
    <skipped/>
  </testcase> <!-- @BeforeMethod setup -->
  <testcase classname="com.SauceDemo.TestBaseClass.TestBaseClass" name="@AfterMethod tearDown" time="-1.665377608802E9">
    <skipped/>
  </testcase> <!-- @AfterMethod tearDown -->
  <testcase classname="com.SauceDemo.TestBaseClass.TestBaseClass" name="@BeforeMethod setup" time="-1.665377608803E9">
    <skipped/>
  </testcase> <!-- @BeforeMethod setup -->
  <testcase classname="com.SauceDemo.TestBaseClass.TestBaseClass" name="@AfterMethod tearDown" time="-1.665377608809E9">
    <skipped/>
  </testcase> <!-- @AfterMethod tearDown -->
  <testcase classname="com.SauceDemo.TestBaseClass.TestBaseClass" name="@BeforeMethod setup" time="-1.66537760881E9">
    <skipped/>
  </testcase> <!-- @BeforeMethod setup -->
  <testcase classname="com.SauceDemo.TestBaseClass.TestBaseClass" name="@AfterMethod tearDown" time="-1.665377608825E9">
    <skipped/>
  </testcase> <!-- @AfterMethod tearDown -->
  <testcase classname="com.SauceDemo.TestClasses.TC16_VerifyAllFunctionality" name="VerifyAboutButtonFunctionality" time="7.501"/>
  <testcase classname="com.SauceDemo.TestClasses.TC16_VerifyAllFunctionality" name="VerifyAllproductAddToCartFunctionality" time="0.0">
    <skipped/>
  </testcase> <!-- VerifyAllproductAddToCartFunctionality -->
  <testcase classname="com.SauceDemo.TestClasses.TC16_VerifyAllFunctionality" name="VerifyBagAddToCartFunctionality" time="0.0">
    <skipped/>
  </testcase> <!-- VerifyBagAddToCartFunctionality -->
  <testcase classname="com.SauceDemo.TestClasses.TC16_VerifyAllFunctionality" name="VerifyBillingPage_CancelButtonFunctionality" time="0.0">
    <skipped/>
  </testcase> <!-- VerifyBillingPage_CancelButtonFunctionality -->
  <testcase classname="com.SauceDemo.TestClasses.TC16_VerifyAllFunctionality" name="VerifyBillingPage_FinishButtonFunctionality" time="0.0">
    <skipped/>
  </testcase> <!-- VerifyBillingPage_FinishButtonFunctionality -->
  <testcase classname="com.SauceDemo.TestClasses.TC16_VerifyAllFunctionality" name="VerifyCartPageCheckoutFunctionality" time="0.0">
    <skipped/>
  </testcase> <!-- VerifyCartPageCheckoutFunctionality -->
  <testcase classname="com.SauceDemo.TestClasses.TC16_VerifyAllFunctionality" name="VerifyCartPageContinueShoppingbuttonFunctionality" time="0.0">
    <skipped/>
  </testcase> <!-- VerifyCartPageContinueShoppingbuttonFunctionality -->
  <testcase classname="com.SauceDemo.TestClasses.TC16_VerifyAllFunctionality" name="VerifyCartPageRemoveTabFunctionality" time="0.0">
    <skipped/>
  </testcase> <!-- VerifyCartPageRemoveTabFunctionality -->
  <testcase classname="com.SauceDemo.TestClasses.TC16_VerifyAllFunctionality" name="VerifyCustomerInfoPage_cancelFunctionality" time="0.0">
    <skipped/>
  </testcase> <!-- VerifyCustomerInfoPage_cancelFunctionality -->
  <testcase classname="com.SauceDemo.TestClasses.TC16_VerifyAllFunctionality" name="VerifyCustomerPage_ContinueButtonFunctionality" time="0.0">
    <skipped/>
  </testcase> <!-- VerifyCustomerPage_ContinueButtonFunctionality -->
  <testcase classname="com.SauceDemo.TestClasses.TC16_VerifyAllFunctionality" name="VerifyCustomerPage_FillInfoFunctionality" time="0.0">
    <skipped/>
  </testcase> <!-- VerifyCustomerPage_FillInfoFunctionality -->
  <testcase classname="com.SauceDemo.TestClasses.TC16_VerifyAllFunctionality" name="VerifyDropDownFunctionality" time="0.0">
    <skipped/>
  </testcase> <!-- VerifyDropDownFunctionality -->
  <testcase classname="com.SauceDemo.TestClasses.TC16_VerifyAllFunctionality" name="VerifyLoginFunctionality" time="0.0">
    <skipped/>
  </testcase> <!-- VerifyLoginFunctionality -->
  <testcase classname="com.SauceDemo.TestClasses.TC16_VerifyAllFunctionality" name="VerifyLogoutbuttonFunctionality" time="0.0">
    <skipped/>
  </testcase> <!-- VerifyLogoutbuttonFunctionality -->
  <testcase classname="com.SauceDemo.TestClasses.TC16_VerifyAllFunctionality" name="VerifyOrderPage_BackToHomeButtonFunctionality" time="0.0">
    <skipped/>
  </testcase> <!-- VerifyOrderPage_BackToHomeButtonFunctionality -->
</testsuite> <!-- HighPriorityTest -->
