<?xml version="1.0" encoding="UTF-8"?>
<!-- Generated by org.testng.reporters.JUnitXMLReporter -->
<testsuite ignored="0" hostname="DESKTOP-EC1QUI4" failures="1" tests="14" name="Test" time="293.618" errors="0" timestamp="2022-10-10T10:39:32 IST">
  <testcase classname="com.SauceDemo.TestClasses.TC01_VerifyLoginFunctionality" name="VerifyLoginFunctionality" time="8.056"/>
  <testcase classname="com.SauceDemo.TestClasses.TC02_VerifyBagAddToCartFunctionality" name="VerifyBagAddToCartFunctionality" time="3.534"/>
  <testcase classname="com.SauceDemo.TestClasses.TC03_VerifyCartPage_CheckoutFunctionality" name="VerifyCartPageCheckoutFunctionality" time="1.937"/>
  <testcase classname="com.SauceDemo.TestClasses.TC04_VerifyCartPage_ContinueShoppingbuttonFunctionality" name="VerifyCartPageContinueShoppingbuttonFunctionality" time="0.78"/>
  <testcase classname="com.SauceDemo.TestClasses.TC05_VerifyCartPage_RemoveTabFunctionality" name="VerifyCartPageRemoveTabFunctionality" time="0.594"/>
  <testcase classname="com.SauceDemo.TestClasses.TC06_VerifyCustomerPage_FillInfoFunctionality" name="VerifyCustomerPage_FillInfoFunctionality" time="2.133"/>
  <testcase classname="com.SauceDemo.TestClasses.TC07_VerifyCustomerInfoPage_cancelFunctionality" name="VerifyCustomerInfoPage_cancelFunctionality" time="0.995"/>
  <testcase classname="com.SauceDemo.TestClasses.TC08_VerifyCustomerPage_ContinueButtonFunctionality" name="VerifyCustomerPage_ContinueButtonFunctionality" time="1.31"/>
  <testcase classname="com.SauceDemo.TestClasses.TC09_VerifyBillingPage_CancelButtonFunctionality" name="VerifyBillingPage_CancelButtonFunctionality" time="1.946"/>
  <testcase classname="com.SauceDemo.TestClasses.TC10_VerifyBillingPage_FinishButtonFunctionality" name="VerifyBillingPage_FinishButtonFunctionality" time="1.795"/>
  <testcase classname="com.SauceDemo.TestClasses.TC11_VerifyOrderPage_BackToHomeButtonFunctionality" name="VerifyOrderPage_BackToHomeButtonFunctionality" time="2.811"/>
  <testcase classname="com.SauceDemo.TestClasses.TC12_VerifyLogoutFunctionality" name="VerifyLogoutbuttonFunctionality" time="1.325"/>
  <testcase classname="com.SauceDemo.TestClasses.TC13_VerifyDropDownFunctionality" name="VerifyDropDownFunctionality" time="3.532">
    <failure type="java.lang.AssertionError" message="expected [Price (low to high)] but found [Name (A to Z)
Name (Z to A)
Price (low to high)
Price (high to low)]">
      <![CDATA[java.lang.AssertionError: expected [Price (low to high)] but found [Name (A to Z)
Name (Z to A)
Price (low to high)
Price (high to low)]
at com.SauceDemo.TestClasses.TC13_VerifyDropDownFunctionality.VerifyDropDownFunctionality(TC13_VerifyDropDownFunctionality.java:36)
at java.base/java.util.ArrayList.forEach(ArrayList.java:1511)
... Removed 31 stack frames]]>
    </failure>
  </testcase> <!-- VerifyDropDownFunctionality -->
  <testcase classname="com.SauceDemo.TestClasses.TC14_VerifyAboutButtonFunctionality" name="VerifyAboutButtonFunctionality" time="18.933"/>
</testsuite> <!-- Test -->
