<?xml version="1.0" encoding="UTF-8"?>
<testng-results ignored="0" total="14" passed="13" failed="1" skipped="0">
  <reporter-output>
  </reporter-output>
  <suite started-at="2022-10-10T10:34:38 IST" name="Suite" finished-at="2022-10-10T10:39:31 IST" duration-ms="293618">
    <groups>
    </groups>
    <test started-at="2022-10-10T10:34:38 IST" name="Test" finished-at="2022-10-10T10:39:31 IST" duration-ms="293618">
      <class name="com.SauceDemo.TestClasses.TC08_VerifyCustomerPage_ContinueButtonFunctionality">
        <test-method is-config="true" signature="setup(java.lang.String)[pri:0, instance:com.SauceDemo.TestClasses.TC08_VerifyCustomerPage_ContinueButtonFunctionality@5e600dd5]" started-at="2022-10-10T10:37:41 IST" name="setup" finished-at="2022-10-10T10:37:47 IST" duration-ms="5797" status="PASS">
          <params>
            <param index="0">
              <value>
                <![CDATA[chrome]]>
              </value>
            </param>
          </params>
          <reporter-output>
          </reporter-output>
        </test-method> <!-- setup -->
        <test-method signature="VerifyCustomerPage_ContinueButtonFunctionality()[pri:0, instance:com.SauceDemo.TestClasses.TC08_VerifyCustomerPage_ContinueButtonFunctionality@5e600dd5]" started-at="2022-10-10T10:37:47 IST" name="VerifyCustomerPage_ContinueButtonFunctionality" finished-at="2022-10-10T10:37:48 IST" duration-ms="1310" status="PASS">
          <reporter-output>
          </reporter-output>
        </test-method> <!-- VerifyCustomerPage_ContinueButtonFunctionality -->
        <test-method is-config="true" signature="tearDown()[pri:0, instance:com.SauceDemo.TestClasses.TC08_VerifyCustomerPage_ContinueButtonFunctionality@5e600dd5]" started-at="2022-10-10T10:37:48 IST" name="tearDown" finished-at="2022-10-10T10:37:49 IST" duration-ms="673" status="PASS">
          <reporter-output>
          </reporter-output>
        </test-method> <!-- tearDown -->
      </class> <!-- com.SauceDemo.TestClasses.TC08_VerifyCustomerPage_ContinueButtonFunctionality -->
      <class name="com.SauceDemo.TestClasses.TC10_VerifyBillingPage_FinishButtonFunctionality">
        <test-method is-config="true" signature="setup(java.lang.String)[pri:0, instance:com.SauceDemo.TestClasses.TC10_VerifyBillingPage_FinishButtonFunctionality@5d534f5d]" started-at="2022-10-10T10:37:57 IST" name="setup" finished-at="2022-10-10T10:38:06 IST" duration-ms="8633" status="PASS">
          <params>
            <param index="0">
              <value>
                <![CDATA[chrome]]>
              </value>
            </param>
          </params>
          <reporter-output>
          </reporter-output>
        </test-method> <!-- setup -->
        <test-method signature="VerifyBillingPage_FinishButtonFunctionality()[pri:0, instance:com.SauceDemo.TestClasses.TC10_VerifyBillingPage_FinishButtonFunctionality@5d534f5d]" started-at="2022-10-10T10:38:06 IST" name="VerifyBillingPage_FinishButtonFunctionality" finished-at="2022-10-10T10:38:07 IST" duration-ms="1795" status="PASS">
          <reporter-output>
          </reporter-output>
        </test-method> <!-- VerifyBillingPage_FinishButtonFunctionality -->
        <test-method is-config="true" signature="tearDown()[pri:0, instance:com.SauceDemo.TestClasses.TC10_VerifyBillingPage_FinishButtonFunctionality@5d534f5d]" started-at="2022-10-10T10:38:07 IST" name="tearDown" finished-at="2022-10-10T10:38:08 IST" duration-ms="962" status="PASS">
          <reporter-output>
          </reporter-output>
        </test-method> <!-- tearDown -->
      </class> <!-- com.SauceDemo.TestClasses.TC10_VerifyBillingPage_FinishButtonFunctionality -->
      <class name="com.SauceDemo.TestClasses.TC02_VerifyBagAddToCartFunctionality">
        <test-method is-config="true" signature="setup(java.lang.String)[pri:0, instance:com.SauceDemo.TestClasses.TC02_VerifyBagAddToCartFunctionality@5a45133e]" started-at="2022-10-10T10:35:48 IST" name="setup" finished-at="2022-10-10T10:36:13 IST" duration-ms="25132" status="PASS">
          <params>
            <param index="0">
              <value>
                <![CDATA[chrome]]>
              </value>
            </param>
          </params>
          <reporter-output>
          </reporter-output>
        </test-method> <!-- setup -->
        <test-method signature="VerifyBagAddToCartFunctionality()[pri:0, instance:com.SauceDemo.TestClasses.TC02_VerifyBagAddToCartFunctionality@5a45133e]" started-at="2022-10-10T10:36:13 IST" name="VerifyBagAddToCartFunctionality" finished-at="2022-10-10T10:36:17 IST" duration-ms="3534" status="PASS">
          <reporter-output>
          </reporter-output>
        </test-method> <!-- VerifyBagAddToCartFunctionality -->
        <test-method is-config="true" signature="tearDown()[pri:0, instance:com.SauceDemo.TestClasses.TC02_VerifyBagAddToCartFunctionality@5a45133e]" started-at="2022-10-10T10:36:17 IST" name="tearDown" finished-at="2022-10-10T10:36:19 IST" duration-ms="1759" status="PASS">
          <reporter-output>
          </reporter-output>
        </test-method> <!-- tearDown -->
      </class> <!-- com.SauceDemo.TestClasses.TC02_VerifyBagAddToCartFunctionality -->
      <class name="com.SauceDemo.TestClasses.TC11_VerifyOrderPage_BackToHomeButtonFunctionality">
        <test-method is-config="true" signature="setup(java.lang.String)[pri:0, instance:com.SauceDemo.TestClasses.TC11_VerifyOrderPage_BackToHomeButtonFunctionality@2e3967ea]" started-at="2022-10-10T10:38:08 IST" name="setup" finished-at="2022-10-10T10:38:17 IST" duration-ms="8840" status="PASS">
          <params>
            <param index="0">
              <value>
                <![CDATA[chrome]]>
              </value>
            </param>
          </params>
          <reporter-output>
          </reporter-output>
        </test-method> <!-- setup -->
        <test-method signature="VerifyOrderPage_BackToHomeButtonFunctionality()[pri:0, instance:com.SauceDemo.TestClasses.TC11_VerifyOrderPage_BackToHomeButtonFunctionality@2e3967ea]" started-at="2022-10-10T10:38:17 IST" name="VerifyOrderPage_BackToHomeButtonFunctionality" finished-at="2022-10-10T10:38:20 IST" duration-ms="2811" status="PASS">
          <reporter-output>
          </reporter-output>
        </test-method> <!-- VerifyOrderPage_BackToHomeButtonFunctionality -->
        <test-method is-config="true" signature="tearDown()[pri:0, instance:com.SauceDemo.TestClasses.TC11_VerifyOrderPage_BackToHomeButtonFunctionality@2e3967ea]" started-at="2022-10-10T10:38:20 IST" name="tearDown" finished-at="2022-10-10T10:38:21 IST" duration-ms="1468" status="PASS">
          <reporter-output>
          </reporter-output>
        </test-method> <!-- tearDown -->
      </class> <!-- com.SauceDemo.TestClasses.TC11_VerifyOrderPage_BackToHomeButtonFunctionality -->
      <class name="com.SauceDemo.TestClasses.TC14_VerifyAboutButtonFunctionality">
        <test-method is-config="true" signature="setup(java.lang.String)[pri:0, instance:com.SauceDemo.TestClasses.TC14_VerifyAboutButtonFunctionality@a38c7fe]" started-at="2022-10-10T10:39:01 IST" name="setup" finished-at="2022-10-10T10:39:11 IST" duration-ms="9809" status="PASS">
          <params>
            <param index="0">
              <value>
                <![CDATA[chrome]]>
              </value>
            </param>
          </params>
          <reporter-output>
          </reporter-output>
        </test-method> <!-- setup -->
        <test-method signature="VerifyAboutButtonFunctionality()[pri:0, instance:com.SauceDemo.TestClasses.TC14_VerifyAboutButtonFunctionality@a38c7fe]" started-at="2022-10-10T10:39:11 IST" name="VerifyAboutButtonFunctionality" finished-at="2022-10-10T10:39:30 IST" duration-ms="18933" status="PASS">
          <reporter-output>
          </reporter-output>
        </test-method> <!-- VerifyAboutButtonFunctionality -->
        <test-method is-config="true" signature="tearDown()[pri:0, instance:com.SauceDemo.TestClasses.TC14_VerifyAboutButtonFunctionality@a38c7fe]" started-at="2022-10-10T10:39:30 IST" name="tearDown" finished-at="2022-10-10T10:39:31 IST" duration-ms="1289" status="PASS">
          <reporter-output>
          </reporter-output>
        </test-method> <!-- tearDown -->
      </class> <!-- com.SauceDemo.TestClasses.TC14_VerifyAboutButtonFunctionality -->
      <class name="com.SauceDemo.TestClasses.TC12_VerifyLogoutFunctionality">
        <test-method is-config="true" signature="setup(java.lang.String)[pri:0, instance:com.SauceDemo.TestClasses.TC12_VerifyLogoutFunctionality@70e9c95d]" started-at="2022-10-10T10:38:21 IST" name="setup" finished-at="2022-10-10T10:38:39 IST" duration-ms="17832" status="PASS">
          <params>
            <param index="0">
              <value>
                <![CDATA[chrome]]>
              </value>
            </param>
          </params>
          <reporter-output>
          </reporter-output>
        </test-method> <!-- setup -->
        <test-method signature="VerifyLogoutbuttonFunctionality()[pri:1, instance:com.SauceDemo.TestClasses.TC12_VerifyLogoutFunctionality@70e9c95d]" started-at="2022-10-10T10:38:39 IST" name="VerifyLogoutbuttonFunctionality" finished-at="2022-10-10T10:38:41 IST" duration-ms="1325" status="PASS">
          <reporter-output>
          </reporter-output>
        </test-method> <!-- VerifyLogoutbuttonFunctionality -->
        <test-method is-config="true" signature="tearDown()[pri:0, instance:com.SauceDemo.TestClasses.TC12_VerifyLogoutFunctionality@70e9c95d]" started-at="2022-10-10T10:38:41 IST" name="tearDown" finished-at="2022-10-10T10:38:44 IST" duration-ms="3532" status="PASS">
          <reporter-output>
          </reporter-output>
        </test-method> <!-- tearDown -->
      </class> <!-- com.SauceDemo.TestClasses.TC12_VerifyLogoutFunctionality -->
      <class name="com.SauceDemo.TestClasses.TC01_VerifyLoginFunctionality">
        <test-method is-config="true" signature="setup(java.lang.String)[pri:0, instance:com.SauceDemo.TestClasses.TC01_VerifyLoginFunctionality@957e06]" started-at="2022-10-10T10:34:38 IST" name="setup" finished-at="2022-10-10T10:35:38 IST" duration-ms="59741" status="PASS">
          <params>
            <param index="0">
              <value>
                <![CDATA[chrome]]>
              </value>
            </param>
          </params>
          <reporter-output>
          </reporter-output>
        </test-method> <!-- setup -->
        <test-method signature="VerifyLoginFunctionality()[pri:0, instance:com.SauceDemo.TestClasses.TC01_VerifyLoginFunctionality@957e06]" started-at="2022-10-10T10:35:38 IST" name="VerifyLoginFunctionality" finished-at="2022-10-10T10:35:46 IST" duration-ms="8056" status="PASS">
          <reporter-output>
          </reporter-output>
        </test-method> <!-- VerifyLoginFunctionality -->
        <test-method is-config="true" signature="tearDown()[pri:0, instance:com.SauceDemo.TestClasses.TC01_VerifyLoginFunctionality@957e06]" started-at="2022-10-10T10:35:46 IST" name="tearDown" finished-at="2022-10-10T10:35:48 IST" duration-ms="2552" status="PASS">
          <reporter-output>
          </reporter-output>
        </test-method> <!-- tearDown -->
      </class> <!-- com.SauceDemo.TestClasses.TC01_VerifyLoginFunctionality -->
      <class name="com.SauceDemo.TestClasses.TC03_VerifyCartPage_CheckoutFunctionality">
        <test-method is-config="true" signature="setup(java.lang.String)[pri:0, instance:com.SauceDemo.TestClasses.TC03_VerifyCartPage_CheckoutFunctionality@534a5a98]" started-at="2022-10-10T10:36:19 IST" name="setup" finished-at="2022-10-10T10:36:49 IST" duration-ms="30005" status="PASS">
          <params>
            <param index="0">
              <value>
                <![CDATA[chrome]]>
              </value>
            </param>
          </params>
          <reporter-output>
          </reporter-output>
        </test-method> <!-- setup -->
        <test-method signature="VerifyCartPageCheckoutFunctionality()[pri:0, instance:com.SauceDemo.TestClasses.TC03_VerifyCartPage_CheckoutFunctionality@534a5a98]" started-at="2022-10-10T10:36:49 IST" name="VerifyCartPageCheckoutFunctionality" finished-at="2022-10-10T10:36:51 IST" duration-ms="1937" status="PASS">
          <reporter-output>
          </reporter-output>
        </test-method> <!-- VerifyCartPageCheckoutFunctionality -->
        <test-method is-config="true" signature="tearDown()[pri:0, instance:com.SauceDemo.TestClasses.TC03_VerifyCartPage_CheckoutFunctionality@534a5a98]" started-at="2022-10-10T10:36:51 IST" name="tearDown" finished-at="2022-10-10T10:36:53 IST" duration-ms="2504" status="PASS">
          <reporter-output>
          </reporter-output>
        </test-method> <!-- tearDown -->
      </class> <!-- com.SauceDemo.TestClasses.TC03_VerifyCartPage_CheckoutFunctionality -->
      <class name="com.SauceDemo.TestClasses.TC09_VerifyBillingPage_CancelButtonFunctionality">
        <test-method is-config="true" signature="setup(java.lang.String)[pri:0, instance:com.SauceDemo.TestClasses.TC09_VerifyBillingPage_CancelButtonFunctionality@576d5deb]" started-at="2022-10-10T10:37:49 IST" name="setup" finished-at="2022-10-10T10:37:54 IST" duration-ms="5063" status="PASS">
          <params>
            <param index="0">
              <value>
                <![CDATA[chrome]]>
              </value>
            </param>
          </params>
          <reporter-output>
          </reporter-output>
        </test-method> <!-- setup -->
        <test-method signature="VerifyBillingPage_CancelButtonFunctionality()[pri:0, instance:com.SauceDemo.TestClasses.TC09_VerifyBillingPage_CancelButtonFunctionality@576d5deb]" started-at="2022-10-10T10:37:54 IST" name="VerifyBillingPage_CancelButtonFunctionality" finished-at="2022-10-10T10:37:56 IST" duration-ms="1946" status="PASS">
          <reporter-output>
          </reporter-output>
        </test-method> <!-- VerifyBillingPage_CancelButtonFunctionality -->
        <test-method is-config="true" signature="tearDown()[pri:0, instance:com.SauceDemo.TestClasses.TC09_VerifyBillingPage_CancelButtonFunctionality@576d5deb]" started-at="2022-10-10T10:37:56 IST" name="tearDown" finished-at="2022-10-10T10:37:57 IST" duration-ms="1140" status="PASS">
          <reporter-output>
          </reporter-output>
        </test-method> <!-- tearDown -->
      </class> <!-- com.SauceDemo.TestClasses.TC09_VerifyBillingPage_CancelButtonFunctionality -->
      <class name="com.SauceDemo.TestClasses.TC05_VerifyCartPage_RemoveTabFunctionality">
        <test-method is-config="true" signature="setup(java.lang.String)[pri:0, instance:com.SauceDemo.TestClasses.TC05_VerifyCartPage_RemoveTabFunctionality@60bd273d]" started-at="2022-10-10T10:37:06 IST" name="setup" finished-at="2022-10-10T10:37:15 IST" duration-ms="8933" status="PASS">
          <params>
            <param index="0">
              <value>
                <![CDATA[chrome]]>
              </value>
            </param>
          </params>
          <reporter-output>
          </reporter-output>
        </test-method> <!-- setup -->
        <test-method signature="VerifyCartPageRemoveTabFunctionality()[pri:0, instance:com.SauceDemo.TestClasses.TC05_VerifyCartPage_RemoveTabFunctionality@60bd273d]" started-at="2022-10-10T10:37:15 IST" name="VerifyCartPageRemoveTabFunctionality" finished-at="2022-10-10T10:37:15 IST" duration-ms="594" status="PASS">
          <reporter-output>
          </reporter-output>
        </test-method> <!-- VerifyCartPageRemoveTabFunctionality -->
        <test-method is-config="true" signature="tearDown()[pri:0, instance:com.SauceDemo.TestClasses.TC05_VerifyCartPage_RemoveTabFunctionality@60bd273d]" started-at="2022-10-10T10:37:15 IST" name="tearDown" finished-at="2022-10-10T10:37:17 IST" duration-ms="1644" status="PASS">
          <reporter-output>
          </reporter-output>
        </test-method> <!-- tearDown -->
      </class> <!-- com.SauceDemo.TestClasses.TC05_VerifyCartPage_RemoveTabFunctionality -->
      <class name="com.SauceDemo.TestClasses.TC13_VerifyDropDownFunctionality">
        <test-method is-config="true" signature="setup(java.lang.String)[pri:0, instance:com.SauceDemo.TestClasses.TC13_VerifyDropDownFunctionality@4d5650ae]" started-at="2022-10-10T10:38:44 IST" name="setup" finished-at="2022-10-10T10:38:55 IST" duration-ms="11144" status="PASS">
          <params>
            <param index="0">
              <value>
                <![CDATA[chrome]]>
              </value>
            </param>
          </params>
          <reporter-output>
          </reporter-output>
        </test-method> <!-- setup -->
        <test-method signature="VerifyDropDownFunctionality()[pri:0, instance:com.SauceDemo.TestClasses.TC13_VerifyDropDownFunctionality@4d5650ae]" started-at="2022-10-10T10:38:55 IST" name="VerifyDropDownFunctionality" finished-at="2022-10-10T10:38:59 IST" duration-ms="3532" status="FAIL">
          <exception class="java.lang.AssertionError">
            <message>
              <![CDATA[expected [Price (low to high)] but found [Name (A to Z)
Name (Z to A)
Price (low to high)
Price (high to low)]]]>
            </message>
            <full-stacktrace>
              <![CDATA[java.lang.AssertionError: expected [Price (low to high)] but found [Name (A to Z)
Name (Z to A)
Price (low to high)
Price (high to low)]
at org.testng.Assert.fail(Assert.java:99)
at org.testng.Assert.failNotEquals(Assert.java:1037)
at org.testng.Assert.assertEqualsImpl(Assert.java:140)
at org.testng.Assert.assertEquals(Assert.java:122)
at org.testng.Assert.assertEquals(Assert.java:629)
at org.testng.Assert.assertEquals(Assert.java:639)
at com.SauceDemo.TestClasses.TC13_VerifyDropDownFunctionality.VerifyDropDownFunctionality(TC13_VerifyDropDownFunctionality.java:36)
at java.base/jdk.internal.reflect.DirectMethodHandleAccessor.invoke(DirectMethodHandleAccessor.java:104)
at java.base/java.lang.reflect.Method.invoke(Method.java:577)
at org.testng.internal.MethodInvocationHelper.invokeMethod(MethodInvocationHelper.java:133)
at org.testng.internal.TestInvoker.invokeMethod(TestInvoker.java:598)
at org.testng.internal.TestInvoker.invokeTestMethod(TestInvoker.java:173)
at org.testng.internal.MethodRunner.runInSequence(MethodRunner.java:46)
at org.testng.internal.TestInvoker$MethodInvocationAgent.invoke(TestInvoker.java:824)
at org.testng.internal.TestInvoker.invokeTestMethods(TestInvoker.java:146)
at org.testng.internal.TestMethodWorker.invokeTestMethods(TestMethodWorker.java:146)
at org.testng.internal.TestMethodWorker.run(TestMethodWorker.java:128)
at java.base/java.util.ArrayList.forEach(ArrayList.java:1511)
at org.testng.TestRunner.privateRun(TestRunner.java:794)
at org.testng.TestRunner.run(TestRunner.java:596)
at org.testng.SuiteRunner.runTest(SuiteRunner.java:377)
at org.testng.SuiteRunner.runSequentially(SuiteRunner.java:371)
at org.testng.SuiteRunner.privateRun(SuiteRunner.java:332)
at org.testng.SuiteRunner.run(SuiteRunner.java:276)
at org.testng.SuiteRunnerWorker.runSuite(SuiteRunnerWorker.java:53)
at org.testng.SuiteRunnerWorker.run(SuiteRunnerWorker.java:96)
at org.testng.TestNG.runSuitesSequentially(TestNG.java:1212)
at org.testng.TestNG.runSuitesLocally(TestNG.java:1134)
at org.testng.TestNG.runSuites(TestNG.java:1063)
at org.testng.TestNG.run(TestNG.java:1031)
at org.testng.remote.AbstractRemoteTestNG.run(AbstractRemoteTestNG.java:115)
at org.testng.remote.RemoteTestNG.initAndRun(RemoteTestNG.java:251)
at org.testng.remote.RemoteTestNG.main(RemoteTestNG.java:77)
]]>
            </full-stacktrace>
          </exception> <!-- java.lang.AssertionError -->
          <reporter-output>
          </reporter-output>
        </test-method> <!-- VerifyDropDownFunctionality -->
        <test-method is-config="true" signature="tearDown()[pri:0, instance:com.SauceDemo.TestClasses.TC13_VerifyDropDownFunctionality@4d5650ae]" started-at="2022-10-10T10:38:59 IST" name="tearDown" finished-at="2022-10-10T10:39:01 IST" duration-ms="2467" status="PASS">
          <reporter-output>
          </reporter-output>
        </test-method> <!-- tearDown -->
      </class> <!-- com.SauceDemo.TestClasses.TC13_VerifyDropDownFunctionality -->
      <class name="com.SauceDemo.TestClasses.TC07_VerifyCustomerInfoPage_cancelFunctionality">
        <test-method is-config="true" signature="setup(java.lang.String)[pri:0, instance:com.SauceDemo.TestClasses.TC07_VerifyCustomerInfoPage_cancelFunctionality@130c12b7]" started-at="2022-10-10T10:37:32 IST" name="setup" finished-at="2022-10-10T10:37:39 IST" duration-ms="7471" status="PASS">
          <params>
            <param index="0">
              <value>
                <![CDATA[chrome]]>
              </value>
            </param>
          </params>
          <reporter-output>
          </reporter-output>
        </test-method> <!-- setup -->
        <test-method signature="VerifyCustomerInfoPage_cancelFunctionality()[pri:0, instance:com.SauceDemo.TestClasses.TC07_VerifyCustomerInfoPage_cancelFunctionality@130c12b7]" started-at="2022-10-10T10:37:39 IST" name="VerifyCustomerInfoPage_cancelFunctionality" finished-at="2022-10-10T10:37:40 IST" duration-ms="995" status="PASS">
          <reporter-output>
          </reporter-output>
        </test-method> <!-- VerifyCustomerInfoPage_cancelFunctionality -->
        <test-method is-config="true" signature="tearDown()[pri:0, instance:com.SauceDemo.TestClasses.TC07_VerifyCustomerInfoPage_cancelFunctionality@130c12b7]" started-at="2022-10-10T10:37:40 IST" name="tearDown" finished-at="2022-10-10T10:37:41 IST" duration-ms="753" status="PASS">
          <reporter-output>
          </reporter-output>
        </test-method> <!-- tearDown -->
      </class> <!-- com.SauceDemo.TestClasses.TC07_VerifyCustomerInfoPage_cancelFunctionality -->
      <class name="com.SauceDemo.TestClasses.TC04_VerifyCartPage_ContinueShoppingbuttonFunctionality">
        <test-method is-config="true" signature="setup(java.lang.String)[pri:0, instance:com.SauceDemo.TestClasses.TC04_VerifyCartPage_ContinueShoppingbuttonFunctionality@4f80542f]" started-at="2022-10-10T10:36:53 IST" name="setup" finished-at="2022-10-10T10:37:04 IST" duration-ms="11110" status="PASS">
          <params>
            <param index="0">
              <value>
                <![CDATA[chrome]]>
              </value>
            </param>
          </params>
          <reporter-output>
          </reporter-output>
        </test-method> <!-- setup -->
        <test-method signature="VerifyCartPageContinueShoppingbuttonFunctionality()[pri:0, instance:com.SauceDemo.TestClasses.TC04_VerifyCartPage_ContinueShoppingbuttonFunctionality@4f80542f]" started-at="2022-10-10T10:37:04 IST" name="VerifyCartPageContinueShoppingbuttonFunctionality" finished-at="2022-10-10T10:37:05 IST" duration-ms="780" status="PASS">
          <reporter-output>
          </reporter-output>
        </test-method> <!-- VerifyCartPageContinueShoppingbuttonFunctionality -->
        <test-method is-config="true" signature="tearDown()[pri:0, instance:com.SauceDemo.TestClasses.TC04_VerifyCartPage_ContinueShoppingbuttonFunctionality@4f80542f]" started-at="2022-10-10T10:37:05 IST" name="tearDown" finished-at="2022-10-10T10:37:06 IST" duration-ms="832" status="PASS">
          <reporter-output>
          </reporter-output>
        </test-method> <!-- tearDown -->
      </class> <!-- com.SauceDemo.TestClasses.TC04_VerifyCartPage_ContinueShoppingbuttonFunctionality -->
      <class name="com.SauceDemo.TestClasses.TC06_VerifyCustomerPage_FillInfoFunctionality">
        <test-method is-config="true" signature="setup(java.lang.String)[pri:0, instance:com.SauceDemo.TestClasses.TC06_VerifyCustomerPage_FillInfoFunctionality@121314f7]" started-at="2022-10-10T10:37:17 IST" name="setup" finished-at="2022-10-10T10:37:29 IST" duration-ms="11609" status="PASS">
          <params>
            <param index="0">
              <value>
                <![CDATA[chrome]]>
              </value>
            </param>
          </params>
          <reporter-output>
          </reporter-output>
        </test-method> <!-- setup -->
        <test-method signature="VerifyCustomerPage_FillInfoFunctionality()[pri:0, instance:com.SauceDemo.TestClasses.TC06_VerifyCustomerPage_FillInfoFunctionality@121314f7]" started-at="2022-10-10T10:37:29 IST" name="VerifyCustomerPage_FillInfoFunctionality" finished-at="2022-10-10T10:37:31 IST" duration-ms="2133" status="PASS">
          <reporter-output>
          </reporter-output>
        </test-method> <!-- VerifyCustomerPage_FillInfoFunctionality -->
        <test-method is-config="true" signature="tearDown()[pri:0, instance:com.SauceDemo.TestClasses.TC06_VerifyCustomerPage_FillInfoFunctionality@121314f7]" started-at="2022-10-10T10:37:31 IST" name="tearDown" finished-at="2022-10-10T10:37:32 IST" duration-ms="1119" status="PASS">
          <reporter-output>
          </reporter-output>
        </test-method> <!-- tearDown -->
      </class> <!-- com.SauceDemo.TestClasses.TC06_VerifyCustomerPage_FillInfoFunctionality -->
    </test> <!-- Test -->
  </suite> <!-- Suite -->
</testng-results>
