<?xml version="1.0" encoding="UTF-8"?>
<!-- Generated by org.testng.reporters.JUnitReportReporter -->
<testsuite hostname="DESKTOP-EC1QUI4" failures="0" tests="16" name="com.SauceDemo.TestClasses.TC16_VerifyAllFunctionality" time="36.152" errors="1" timestamp="2022-10-10T10:23:29 IST" skipped="14">
  <testcase classname="com.SauceDemo.TestClasses.TC16_VerifyAllFunctionality" name="VerifyCartPageRemoveTabFunctionality" time="28.176">
    <skipped/>
  </testcase> <!-- VerifyCartPageRemoveTabFunctionality -->
  <system-out/>
  <testcase classname="com.SauceDemo.TestClasses.TC16_VerifyAllFunctionality" name="VerifyCustomerPage_FillInfoFunctionality" time="0.000">
    <skipped/>
  </testcase> <!-- VerifyCustomerPage_FillInfoFunctionality -->
  <system-out/>
  <testcase classname="com.SauceDemo.TestClasses.TC16_VerifyAllFunctionality" name="VerifyLogoutbuttonFunctionality" time="0.000">
    <skipped/>
  </testcase> <!-- VerifyLogoutbuttonFunctionality -->
  <system-out/>
  <testcase classname="com.SauceDemo.TestClasses.TC16_VerifyAllFunctionality" name="tearDown" time="0.475">
    <error message="Unable to establish websocket connection to http://127.0.0.1:63234/devtools/browser/446d4f28-b8ff-40ea-a2ea-cf60ccb04468
Build info: version: &#039;4.1.2&#039;, revision: &#039;9a5a329c5a&#039;
System info: host: &#039;DESKTOP-EC1QUI4&#039;, ip: &#039;192.168.227.153&#039;, os.name: &#039;Windows 10&#039;, os.arch: &#039;amd64&#039;, os.version: &#039;10.0&#039;, java.version: &#039;18.0.1&#039;
Driver info: driver.version: RemoteWebDriver" type="org.openqa.selenium.remote.http.ConnectionFailedException">
      <![CDATA[org.openqa.selenium.remote.http.ConnectionFailedException: Unable to establish websocket connection to http://127.0.0.1:63234/devtools/browser/446d4f28-b8ff-40ea-a2ea-cf60ccb04468
Build info: version: '4.1.2', revision: '9a5a329c5a'
System info: host: 'DESKTOP-EC1QUI4', ip: '192.168.227.153', os.name: 'Windows 10', os.arch: 'amd64', os.version: '10.0', java.version: '18.0.1'
Driver info: driver.version: RemoteWebDriver
at org.openqa.selenium.remote.http.netty.NettyWebSocket.<init>(NettyWebSocket.java:104)
at org.openqa.selenium.remote.http.netty.NettyWebSocket.lambda$create$3(NettyWebSocket.java:137)
at org.openqa.selenium.remote.http.netty.NettyClient.openSocket(NettyClient.java:118)
at org.openqa.selenium.devtools.Connection.<init>(Connection.java:77)
at org.openqa.selenium.firefox.FirefoxDriver.maybeGetDevTools(FirefoxDriver.java:310)
at org.openqa.selenium.remote.RemoteWebDriver.close(RemoteWebDriver.java:440)
at com.SauceDemo.TestBaseClass.TestBaseClass.tearDown(TestBaseClass.java:68)
at java.base/jdk.internal.reflect.DirectMethodHandleAccessor.invoke(DirectMethodHandleAccessor.java:104)
at java.base/java.lang.reflect.Method.invoke(Method.java:577)
at org.testng.internal.MethodInvocationHelper.invokeMethod(MethodInvocationHelper.java:133)
at org.testng.internal.MethodInvocationHelper.invokeMethodConsideringTimeout(MethodInvocationHelper.java:62)
at org.testng.internal.ConfigInvoker.invokeConfigurationMethod(ConfigInvoker.java:385)
at org.testng.internal.ConfigInvoker.invokeConfigurations(ConfigInvoker.java:321)
at org.testng.internal.TestInvoker.runConfigMethods(TestInvoker.java:700)
at org.testng.internal.TestInvoker.runAfterGroupsConfigurations(TestInvoker.java:676)
at org.testng.internal.TestInvoker.invokeMethod(TestInvoker.java:660)
at org.testng.internal.TestInvoker.invokeTestMethod(TestInvoker.java:173)
at org.testng.internal.MethodRunner.runInSequence(MethodRunner.java:46)
at org.testng.internal.TestInvoker$MethodInvocationAgent.invoke(TestInvoker.java:824)
at org.testng.internal.TestInvoker.invokeTestMethods(TestInvoker.java:146)
at org.testng.internal.TestMethodWorker.invokeTestMethods(TestMethodWorker.java:146)
at org.testng.internal.TestMethodWorker.run(TestMethodWorker.java:128)
at java.base/java.util.ArrayList.forEach(ArrayList.java:1511)
at org.testng.TestRunner.privateRun(TestRunner.java:794)
at org.testng.TestRunner.run(TestRunner.java:596)
at org.testng.SuiteRunner.runTest(SuiteRunner.java:377)
at org.testng.SuiteRunner.runSequentially(SuiteRunner.java:371)
at org.testng.SuiteRunner.privateRun(SuiteRunner.java:332)
at org.testng.SuiteRunner.run(SuiteRunner.java:276)
at org.testng.SuiteRunnerWorker.runSuite(SuiteRunnerWorker.java:53)
at org.testng.SuiteRunnerWorker.run(SuiteRunnerWorker.java:96)
at org.testng.TestNG.runSuitesSequentially(TestNG.java:1212)
at org.testng.TestNG.runSuitesLocally(TestNG.java:1134)
at org.testng.TestNG.runSuites(TestNG.java:1063)
at org.testng.TestNG.run(TestNG.java:1031)
at org.testng.remote.AbstractRemoteTestNG.run(AbstractRemoteTestNG.java:115)
at org.testng.remote.RemoteTestNG.initAndRun(RemoteTestNG.java:251)
at org.testng.remote.RemoteTestNG.main(RemoteTestNG.java:77)
]]>
    </error>
  </testcase> <!-- tearDown -->
  <system-out/>
  <testcase classname="com.SauceDemo.TestClasses.TC16_VerifyAllFunctionality" name="VerifyCartPageCheckoutFunctionality" time="0.000">
    <skipped/>
  </testcase> <!-- VerifyCartPageCheckoutFunctionality -->
  <system-out/>
  <testcase classname="com.SauceDemo.TestClasses.TC16_VerifyAllFunctionality" name="VerifyCartPageContinueShoppingbuttonFunctionality" time="0.000">
    <skipped/>
  </testcase> <!-- VerifyCartPageContinueShoppingbuttonFunctionality -->
  <system-out/>
  <testcase classname="com.SauceDemo.TestClasses.TC16_VerifyAllFunctionality" name="VerifyCustomerInfoPage_cancelFunctionality" time="0.000">
    <skipped/>
  </testcase> <!-- VerifyCustomerInfoPage_cancelFunctionality -->
  <system-out/>
  <testcase classname="com.SauceDemo.TestClasses.TC16_VerifyAllFunctionality" name="VerifyDropDownFunctionality" time="0.000">
    <skipped/>
  </testcase> <!-- VerifyDropDownFunctionality -->
  <system-out/>
  <testcase classname="com.SauceDemo.TestClasses.TC16_VerifyAllFunctionality" name="VerifyLoginFunctionality" time="0.000">
    <skipped/>
  </testcase> <!-- VerifyLoginFunctionality -->
  <system-out/>
  <testcase classname="com.SauceDemo.TestClasses.TC16_VerifyAllFunctionality" name="VerifyAllproductAddToCartFunctionality" time="0.000">
    <skipped/>
  </testcase> <!-- VerifyAllproductAddToCartFunctionality -->
  <system-out/>
  <testcase classname="com.SauceDemo.TestClasses.TC16_VerifyAllFunctionality" name="VerifyCustomerPage_ContinueButtonFunctionality" time="0.000">
    <skipped/>
  </testcase> <!-- VerifyCustomerPage_ContinueButtonFunctionality -->
  <system-out/>
  <testcase classname="com.SauceDemo.TestClasses.TC16_VerifyAllFunctionality" name="VerifyBillingPage_CancelButtonFunctionality" time="0.000">
    <skipped/>
  </testcase> <!-- VerifyBillingPage_CancelButtonFunctionality -->
  <system-out/>
  <testcase classname="com.SauceDemo.TestClasses.TC16_VerifyAllFunctionality" name="VerifyOrderPage_BackToHomeButtonFunctionality" time="0.000">
    <skipped/>
  </testcase> <!-- VerifyOrderPage_BackToHomeButtonFunctionality -->
  <system-out/>
  <testcase classname="com.SauceDemo.TestClasses.TC16_VerifyAllFunctionality" name="VerifyAboutButtonFunctionality" time="7.501"/>
  <system-out/>
  <testcase classname="com.SauceDemo.TestClasses.TC16_VerifyAllFunctionality" name="VerifyBillingPage_FinishButtonFunctionality" time="0.000">
    <skipped/>
  </testcase> <!-- VerifyBillingPage_FinishButtonFunctionality -->
  <system-out/>
  <testcase classname="com.SauceDemo.TestClasses.TC16_VerifyAllFunctionality" name="VerifyBagAddToCartFunctionality" time="0.000">
    <skipped/>
  </testcase> <!-- VerifyBagAddToCartFunctionality -->
  <system-out/>
</testsuite> <!-- com.SauceDemo.TestClasses.TC16_VerifyAllFunctionality -->
